<?xml version="1.0" encoding="UTF-8"?>
<!-- Generated by org.testng.reporters.JUnitReportReporter -->
<testsuite skipped="0" hostname="197NODMB23352.local" name="Assignment" tests="1" failures="0" timestamp="2021-06-17T18:34:57 IST" time="71.007" errors="0">
  <testcase name="testAssignment" time="71.007" classname="Assignment"/>
  <system-out>
website launched heat map clicked user switched to a new tab clicked on element list frame clicked on email button block visibility checked  </system-out>
</testsuite> <!-- Assignment -->
